<?xml version="1.0" encoding="UTF-8"?>
<!-- Generated by org.testng.reporters.JUnitXMLReporter -->
<testsuite hostname="com" ignored="0" name="Test" tests="3" failures="0" timestamp="2020-06-28T10:30:30 IST" time="75.251" errors="0">
  <testcase name="Login" time="6.437" classname="com.TestCases.OrangeHRM_Login_TestCase"/>
  <testcase name="Login" time="7.57" classname="com.TestCases.OrangeHRM_Admin_TestCase"/>
  <testcase name="Admin" time="4.575" classname="com.TestCases.OrangeHRM_Admin_TestCase"/>
</testsuite> <!-- Test -->
