<?xml version="1.0" encoding="UTF-8"?>
<testng-results skipped="0" failed="0" ignored="0" total="1" passed="1">
  <reporter-output>
  </reporter-output>
  <suite name="POM" duration-ms="31277" started-at="2020-07-15T19:16:17 IST" finished-at="2020-07-15T19:16:48 IST">
    <groups>
    </groups>
    <test name="POM Test" duration-ms="31277" started-at="2020-07-15T19:16:17 IST" finished-at="2020-07-15T19:16:48 IST">
      <class name="com.TestCases.OrangeHRM_Login_TestCase">
        <test-method status="PASS" signature="Start()[pri:0, instance:com.TestCases.OrangeHRM_Login_TestCase@a7e666]" name="Start" is-config="true" duration-ms="14728" started-at="2020-07-15T19:16:17 IST" finished-at="2020-07-15T19:16:32 IST">
          <reporter-output>
          </reporter-output>
        </test-method> <!-- Start -->
        <test-method status="PASS" signature="Login()[pri:0, instance:com.TestCases.OrangeHRM_Login_TestCase@a7e666]" name="Login" duration-ms="12642" started-at="2020-07-15T19:16:32 IST" finished-at="2020-07-15T19:16:45 IST">
          <reporter-output>
          </reporter-output>
        </test-method> <!-- Login -->
        <test-method status="PASS" signature="teardown()[pri:0, instance:com.TestCases.OrangeHRM_Login_TestCase@a7e666]" name="teardown" is-config="true" duration-ms="3816" started-at="2020-07-15T19:16:45 IST" finished-at="2020-07-15T19:16:48 IST">
          <reporter-output>
          </reporter-output>
        </test-method> <!-- teardown -->
      </class> <!-- com.TestCases.OrangeHRM_Login_TestCase -->
    </test> <!-- POM Test -->
  </suite> <!-- POM -->
</testng-results>
